2019-10-16 13:51:08.818 +00:00 DEBUG sync/once.go:44 init logger...
2019-10-16 13:51:08.823 +00:00 DEBUG go-archaius/configurationfactory.go:90 ConfigurationFactory Initiated
2019-10-16 13:51:08.824 +00:00 [0;34mINFO[0m go-archaius/archaius.go:53 Configuration files: 
2019-10-16 13:51:08.824 +00:00 [0;33mWARN[0m config-manager/configurationmanager.go:140 empty configurtion from FileSource
2019-10-16 13:51:08.824 +00:00 [0;34mINFO[0m config-manager/configurationmanager.go:117 invoke dynamic handler:FileSource
2019-10-16 13:51:08.825 +00:00 [0;34mINFO[0m go-archaius/archaius.go:112 archaius init success
2019-10-16 13:51:08.825 +00:00 [0;33mWARN[0m config-manager/configurationmanager.go:140 empty configurtion from MemorySource
2019-10-16 13:51:08.825 +00:00 [0;34mINFO[0m config-manager/configurationmanager.go:117 invoke dynamic handler:MemorySource
2019-10-16 13:51:08.825 +00:00 [0;33mWARN[0m config-manager/configurationmanager.go:140 empty configurtion from CommandlineSource
2019-10-16 13:51:08.826 +00:00 [0;34mINFO[0m config-manager/configurationmanager.go:117 invoke dynamic handler:CommandlineSource
2019-10-16 13:51:08.826 +00:00 [0;34mINFO[0m enviromentvariable-source/envconfigurationsource.go:46 enable env source
2019-10-16 13:51:08.827 +00:00 [0;34mINFO[0m config-manager/configurationmanager.go:117 invoke dynamic handler:EnvironmentSource
2019-10-16 13:51:08.827 +00:00 [0;34mINFO[0m file-source/filesource.go:354 create new watcher
2019-10-16 13:51:08.828 +00:00 [0;34mINFO[0m memory-source/memorysource.go:105 mem source callback prepared
2019-10-16 13:51:08.832 +00:00 DEBUG config-manager/configurationmanager.go:391 EventReceived &{FileSource CREATE edgehub.quic.cafile /etc/kubeedge/ca/rootCA.crt}
2019-10-16 13:51:08.833 +00:00 DEBUG event-system/eventsystem.go:115 event generated for a*
2019-10-16 13:51:08.833 +00:00 DEBUG config-manager/configurationmanager.go:391 EventReceived &{FileSource CREATE edgehub.quic.keyfile /etc/kubeedge/certs/edge.key}
2019-10-16 13:51:08.833 +00:00 DEBUG event-system/eventsystem.go:115 event generated for a*
2019-10-16 13:51:08.834 +00:00 DEBUG config-manager/configurationmanager.go:391 EventReceived &{FileSource CREATE edged.edged-memory-capacity-bytes %!s(int64=7852396000)}
2019-10-16 13:51:08.834 +00:00 DEBUG event-system/eventsystem.go:115 event generated for a*
2019-10-16 13:51:08.834 +00:00 DEBUG go-archaius/archaius.go:188 config value after change edgehub.quic.keyfile | /etc/kubeedge/certs/edge.key
2019-10-16 13:51:08.834 +00:00 DEBUG go-archaius/archaius.go:188 config value after change edgehub.quic.cafile | /etc/kubeedge/ca/rootCA.crt
2019-10-16 13:51:08.834 +00:00 DEBUG config-manager/configurationmanager.go:391 EventReceived &{FileSource CREATE edged.docker-address unix:///var/run/docker.sock}
2019-10-16 13:51:08.834 +00:00 DEBUG go-archaius/archaius.go:188 config value after change edged.edged-memory-capacity-bytes | %!s(int64=7852396000)
2019-10-16 13:51:08.834 +00:00 DEBUG event-system/eventsystem.go:115 event generated for a*
2019-10-16 13:51:08.834 +00:00 DEBUG config-manager/configurationmanager.go:391 EventReceived &{FileSource CREATE edgehub.controller.project-id e632aba927ea4ac2b575ec1603d56f10}
2019-10-16 13:51:08.834 +00:00 DEBUG go-archaius/archaius.go:188 config value after change edged.docker-address | unix:///var/run/docker.sock
2019-10-16 13:51:08.835 +00:00 DEBUG event-system/eventsystem.go:115 event generated for a*
2019-10-16 13:51:08.835 +00:00 DEBUG config-manager/configurationmanager.go:391 EventReceived &{FileSource CREATE edgehub.quic.handshake-timeout %!s(int=30)}
2019-10-16 13:51:08.835 +00:00 DEBUG go-archaius/archaius.go:188 config value after change edgehub.controller.project-id | e632aba927ea4ac2b575ec1603d56f10
2019-10-16 13:51:08.835 +00:00 DEBUG event-system/eventsystem.go:115 event generated for a*
2019-10-16 13:51:08.835 +00:00 DEBUG config-manager/configurationmanager.go:391 EventReceived &{FileSource CREATE edged.runtime-type docker}
2019-10-16 13:51:08.836 +00:00 DEBUG go-archaius/archaius.go:188 config value after change edgehub.quic.handshake-timeout | %!s(int=30)
2019-10-16 13:51:08.836 +00:00 DEBUG event-system/eventsystem.go:115 event generated for a*
2019-10-16 13:51:08.836 +00:00 DEBUG config-manager/configurationmanager.go:391 EventReceived &{FileSource CREATE edged.podsandbox-image kubeedge/pause:3.1}
2019-10-16 13:51:08.836 +00:00 DEBUG go-archaius/archaius.go:188 config value after change edged.runtime-type | docker
2019-10-16 13:51:08.836 +00:00 DEBUG event-system/eventsystem.go:115 event generated for a*
2019-10-16 13:51:08.836 +00:00 DEBUG config-manager/configurationmanager.go:391 EventReceived &{FileSource CREATE mqtt.retain %!s(bool=false)}
2019-10-16 13:51:08.836 +00:00 DEBUG go-archaius/archaius.go:188 config value after change edged.podsandbox-image | kubeedge/pause:3.1
2019-10-16 13:51:08.836 +00:00 DEBUG event-system/eventsystem.go:115 event generated for a*
2019-10-16 13:51:08.836 +00:00 DEBUG config-manager/configurationmanager.go:391 EventReceived &{FileSource CREATE mqtt.mode %!s(int=0)}
2019-10-16 13:51:08.837 +00:00 DEBUG go-archaius/archaius.go:188 config value after change mqtt.retain | %!s(bool=false)
2019-10-16 13:51:08.837 +00:00 DEBUG event-system/eventsystem.go:115 event generated for a*
2019-10-16 13:51:08.837 +00:00 DEBUG config-manager/configurationmanager.go:391 EventReceived &{FileSource CREATE edgehub.websocket.handshake-timeout %!s(int=30)}
2019-10-16 13:51:08.837 +00:00 DEBUG go-archaius/archaius.go:188 config value after change mqtt.mode | %!s(int=0)
2019-10-16 13:51:08.837 +00:00 DEBUG event-system/eventsystem.go:115 event generated for a*
2019-10-16 13:51:08.837 +00:00 DEBUG config-manager/configurationmanager.go:391 EventReceived &{FileSource CREATE edgehub.quic.certfile /etc/kubeedge/certs/edge.crt}
2019-10-16 13:51:08.837 +00:00 DEBUG event-system/eventsystem.go:115 event generated for a*
2019-10-16 13:51:08.837 +00:00 DEBUG config-manager/configurationmanager.go:391 EventReceived &{FileSource CREATE edged.cgroup-driver cgroupfs}
2019-10-16 13:51:08.838 +00:00 DEBUG event-system/eventsystem.go:115 event generated for a*
2019-10-16 13:51:08.838 +00:00 DEBUG config-manager/configurationmanager.go:391 EventReceived &{FileSource CREATE mqtt.server tcp://127.0.0.1:1883}
2019-10-16 13:51:08.838 +00:00 DEBUG event-system/eventsystem.go:115 event generated for a*
2019-10-16 13:51:08.838 +00:00 DEBUG config-manager/configurationmanager.go:391 EventReceived &{FileSource CREATE edgehub.websocket.write-deadline %!s(int=15)}
2019-10-16 13:51:08.838 +00:00 DEBUG event-system/eventsystem.go:115 event generated for a*
2019-10-16 13:51:08.838 +00:00 DEBUG config-manager/configurationmanager.go:391 EventReceived &{FileSource CREATE edgehub.controller.protocol websocket}
2019-10-16 13:51:08.838 +00:00 DEBUG event-system/eventsystem.go:115 event generated for a*
2019-10-16 13:51:08.839 +00:00 DEBUG config-manager/configurationmanager.go:391 EventReceived &{FileSource CREATE edgehub.websocket.certfile /etc/kubeedge/certs/edge.crt}
2019-10-16 13:51:08.839 +00:00 DEBUG go-archaius/archaius.go:188 config value after change edged.cgroup-driver | cgroupfs
2019-10-16 13:51:08.839 +00:00 DEBUG go-archaius/archaius.go:188 config value after change mqtt.server | tcp://127.0.0.1:1883
2019-10-16 13:51:08.839 +00:00 DEBUG event-system/eventsystem.go:115 event generated for a*
2019-10-16 13:51:08.839 +00:00 DEBUG go-archaius/archaius.go:188 config value after change edgehub.websocket.handshake-timeout | %!s(int=30)
2019-10-16 13:51:08.839 +00:00 DEBUG go-archaius/archaius.go:188 config value after change edgehub.quic.certfile | /etc/kubeedge/certs/edge.crt
2019-10-16 13:51:08.839 +00:00 DEBUG go-archaius/archaius.go:188 config value after change edgehub.websocket.write-deadline | %!s(int=15)
2019-10-16 13:51:08.839 +00:00 DEBUG go-archaius/archaius.go:188 config value after change edgehub.controller.protocol | websocket
2019-10-16 13:51:08.839 +00:00 DEBUG config-manager/configurationmanager.go:391 EventReceived &{FileSource CREATE edgehub.quic.read-deadline %!s(int=15)}
2019-10-16 13:51:08.839 +00:00 DEBUG event-system/eventsystem.go:115 event generated for a*
2019-10-16 13:51:08.839 +00:00 DEBUG go-archaius/archaius.go:188 config value after change edgehub.websocket.certfile | /etc/kubeedge/certs/edge.crt
2019-10-16 13:51:08.839 +00:00 DEBUG config-manager/configurationmanager.go:391 EventReceived &{FileSource CREATE edged.remote-runtime-endpoint unix:///var/run/dockershim.sock}
2019-10-16 13:51:08.840 +00:00 DEBUG go-archaius/archaius.go:188 config value after change edgehub.quic.read-deadline | %!s(int=15)
2019-10-16 13:51:08.840 +00:00 DEBUG event-system/eventsystem.go:115 event generated for a*
2019-10-16 13:51:08.840 +00:00 DEBUG config-manager/configurationmanager.go:391 EventReceived &{FileSource CREATE edged.node-ip }
2019-10-16 13:51:08.840 +00:00 DEBUG event-system/eventsystem.go:115 event generated for a*
2019-10-16 13:51:08.840 +00:00 DEBUG go-archaius/archaius.go:188 config value after change edged.remote-runtime-endpoint | unix:///var/run/dockershim.sock
2019-10-16 13:51:08.840 +00:00 DEBUG config-manager/configurationmanager.go:391 EventReceived &{FileSource CREATE edged.maximum-dead-containers-per-container %!s(int=1)}
2019-10-16 13:51:08.840 +00:00 DEBUG go-archaius/archaius.go:188 config value after change edged.node-ip | 
2019-10-16 13:51:08.840 +00:00 DEBUG event-system/eventsystem.go:115 event generated for a*
2019-10-16 13:51:08.840 +00:00 DEBUG config-manager/configurationmanager.go:391 EventReceived &{FileSource CREATE mqtt.qos %!s(int=0)}
2019-10-16 13:51:08.840 +00:00 DEBUG event-system/eventsystem.go:115 event generated for a*
2019-10-16 13:51:08.840 +00:00 DEBUG go-archaius/archaius.go:188 config value after change edged.maximum-dead-containers-per-container | %!s(int=1)
2019-10-16 13:51:08.841 +00:00 DEBUG config-manager/configurationmanager.go:391 EventReceived &{FileSource CREATE mqtt.session-queue-size %!s(int=100)}
2019-10-16 13:51:08.841 +00:00 DEBUG event-system/eventsystem.go:115 event generated for a*
2019-10-16 13:51:08.841 +00:00 DEBUG go-archaius/archaius.go:188 config value after change mqtt.qos | %!s(int=0)
2019-10-16 13:51:08.841 +00:00 DEBUG config-manager/configurationmanager.go:391 EventReceived &{FileSource CREATE edged.register-node-namespace default}
2019-10-16 13:51:08.841 +00:00 DEBUG go-archaius/archaius.go:188 config value after change mqtt.session-queue-size | %!s(int=100)
2019-10-16 13:51:08.841 +00:00 DEBUG event-system/eventsystem.go:115 event generated for a*
2019-10-16 13:51:08.841 +00:00 DEBUG config-manager/configurationmanager.go:391 EventReceived &{FileSource CREATE edgehub.websocket.read-deadline %!s(int=15)}
2019-10-16 13:51:08.841 +00:00 DEBUG go-archaius/archaius.go:188 config value after change edged.register-node-namespace | default
2019-10-16 13:51:08.841 +00:00 DEBUG event-system/eventsystem.go:115 event generated for a*
2019-10-16 13:51:08.842 +00:00 DEBUG config-manager/configurationmanager.go:391 EventReceived &{FileSource CREATE edgehub.quic.write-deadline %!s(int=15)}
2019-10-16 13:51:08.842 +00:00 DEBUG go-archaius/archaius.go:188 config value after change edgehub.websocket.read-deadline | %!s(int=15)
2019-10-16 13:51:08.842 +00:00 DEBUG event-system/eventsystem.go:115 event generated for a*
2019-10-16 13:51:08.845 +00:00 DEBUG go-archaius/archaius.go:188 config value after change edgehub.quic.write-deadline | %!s(int=15)
2019-10-16 13:51:08.845 +00:00 DEBUG config-manager/configurationmanager.go:391 EventReceived &{FileSource CREATE edged.device-plugin-enabled %!s(bool=false)}
2019-10-16 13:51:08.846 +00:00 DEBUG event-system/eventsystem.go:115 event generated for a*
2019-10-16 13:51:08.847 +00:00 DEBUG config-manager/configurationmanager.go:391 EventReceived &{FileSource CREATE edged.node-status-update-frequency %!s(int=10)}
2019-10-16 13:51:08.848 +00:00 DEBUG go-archaius/archaius.go:188 config value after change edged.device-plugin-enabled | %!s(bool=false)
2019-10-16 13:51:08.848 +00:00 DEBUG event-system/eventsystem.go:115 event generated for a*
2019-10-16 13:51:08.848 +00:00 DEBUG config-manager/configurationmanager.go:391 EventReceived &{FileSource CREATE edged.image-gc-low-threshold %!s(int=40)}
2019-10-16 13:51:08.848 +00:00 DEBUG event-system/eventsystem.go:115 event generated for a*
2019-10-16 13:51:08.848 +00:00 DEBUG config-manager/configurationmanager.go:391 EventReceived &{FileSource CREATE edged.image-pull-progress-deadline %!s(int=60)}
2019-10-16 13:51:08.849 +00:00 DEBUG event-system/eventsystem.go:115 event generated for a*
2019-10-16 13:51:08.849 +00:00 DEBUG config-manager/configurationmanager.go:391 EventReceived &{FileSource CREATE edged.cluster-dns }
2019-10-16 13:51:08.849 +00:00 DEBUG event-system/eventsystem.go:115 event generated for a*
2019-10-16 13:51:08.849 +00:00 DEBUG config-manager/configurationmanager.go:391 EventReceived &{FileSource CREATE mqtt.internal-server tcp://127.0.0.1:1884}
2019-10-16 13:51:08.849 +00:00 DEBUG event-system/eventsystem.go:115 event generated for a*
2019-10-16 13:51:08.849 +00:00 DEBUG config-manager/configurationmanager.go:391 EventReceived &{FileSource CREATE edgehub.websocket.keyfile /etc/kubeedge/certs/edge.key}
2019-10-16 13:51:08.850 +00:00 DEBUG event-system/eventsystem.go:115 event generated for a*
2019-10-16 13:51:08.850 +00:00 DEBUG config-manager/configurationmanager.go:391 EventReceived &{FileSource CREATE edgehub.quic.url 127.0.0.1:10001}
2019-10-16 13:51:08.850 +00:00 DEBUG event-system/eventsystem.go:115 event generated for a*
2019-10-16 13:51:08.850 +00:00 DEBUG config-manager/configurationmanager.go:391 EventReceived &{FileSource CREATE edgehub.controller.node-id fb4ebb70-2783-42b8-b3ef-63e2fd6d242e}
2019-10-16 13:51:08.850 +00:00 DEBUG event-system/eventsystem.go:115 event generated for a*
2019-10-16 13:51:08.850 +00:00 DEBUG config-manager/configurationmanager.go:391 EventReceived &{FileSource CREATE edged.cluster-domain }
2019-10-16 13:51:08.851 +00:00 DEBUG event-system/eventsystem.go:115 event generated for a*
2019-10-16 13:51:08.851 +00:00 DEBUG config-manager/configurationmanager.go:391 EventReceived &{FileSource CREATE edged.image-gc-high-threshold %!s(int=80)}
2019-10-16 13:51:08.851 +00:00 DEBUG event-system/eventsystem.go:115 event generated for a*
2019-10-16 13:51:08.851 +00:00 DEBUG config-manager/configurationmanager.go:391 EventReceived &{FileSource CREATE edged.remote-image-endpoint unix:///var/run/dockershim.sock}
2019-10-16 13:51:08.851 +00:00 DEBUG event-system/eventsystem.go:115 event generated for a*
2019-10-16 13:51:08.851 +00:00 DEBUG config-manager/configurationmanager.go:391 EventReceived &{FileSource CREATE edged.interface-name eth0}
2019-10-16 13:51:08.852 +00:00 DEBUG event-system/eventsystem.go:115 event generated for a*
2019-10-16 13:51:08.852 +00:00 DEBUG config-manager/configurationmanager.go:391 EventReceived &{FileSource CREATE edged.gpu-plugin-enabled %!s(bool=false)}
2019-10-16 13:51:08.852 +00:00 DEBUG event-system/eventsystem.go:115 event generated for a*
2019-10-16 13:51:08.852 +00:00 DEBUG config-manager/configurationmanager.go:391 EventReceived &{FileSource CREATE edged.runtime-request-timeout %!s(int=2)}
2019-10-16 13:51:08.852 +00:00 DEBUG event-system/eventsystem.go:115 event generated for a*
2019-10-16 13:51:08.852 +00:00 DEBUG config-manager/configurationmanager.go:391 EventReceived &{FileSource CREATE edged.hostname-override fb4ebb70-2783-42b8-b3ef-63e2fd6d242e}
2019-10-16 13:51:08.853 +00:00 DEBUG event-system/eventsystem.go:115 event generated for a*
2019-10-16 13:51:08.853 +00:00 DEBUG config-manager/configurationmanager.go:391 EventReceived &{FileSource CREATE edgehub.websocket.url wss://0.0.0.0:10000/e632aba927ea4ac2b575ec1603d56f10/fb4ebb70-2783-42b8-b3ef-63e2fd6d242e/events}
2019-10-16 13:51:08.853 +00:00 DEBUG go-archaius/archaius.go:188 config value after change edgehub.quic.url | 127.0.0.1:10001
2019-10-16 13:51:08.853 +00:00 DEBUG event-system/eventsystem.go:115 event generated for a*
2019-10-16 13:51:08.853 +00:00 DEBUG go-archaius/archaius.go:188 config value after change edged.cluster-dns | 
2019-10-16 13:51:08.853 +00:00 DEBUG config-manager/configurationmanager.go:391 EventReceived &{FileSource CREATE edgehub.controller.heartbeat %!s(int=15)}
2019-10-16 13:51:08.853 +00:00 DEBUG go-archaius/archaius.go:188 config value after change mqtt.internal-server | tcp://127.0.0.1:1884
2019-10-16 13:51:08.853 +00:00 DEBUG event-system/eventsystem.go:115 event generated for a*
2019-10-16 13:51:08.853 +00:00 DEBUG go-archaius/archaius.go:188 config value after change edgehub.websocket.keyfile | /etc/kubeedge/certs/edge.key
2019-10-16 13:51:08.853 +00:00 DEBUG config-manager/configurationmanager.go:391 EventReceived &{FileSource CREATE mesh.loadbalance.strategy-name RoundRobin}
2019-10-16 13:51:08.854 +00:00 DEBUG event-system/eventsystem.go:115 event generated for a*
2019-10-16 13:51:08.854 +00:00 DEBUG go-archaius/archaius.go:188 config value after change edged.image-pull-progress-deadline | %!s(int=60)
2019-10-16 13:51:08.854 +00:00 DEBUG go-archaius/archaius.go:188 config value after change edged.runtime-request-timeout | %!s(int=2)
2019-10-16 13:51:08.855 +00:00 DEBUG go-archaius/archaius.go:188 config value after change edged.node-status-update-frequency | %!s(int=10)
2019-10-16 13:51:08.855 +00:00 DEBUG go-archaius/archaius.go:188 config value after change edged.image-gc-low-threshold | %!s(int=40)
2019-10-16 13:51:08.855 +00:00 DEBUG go-archaius/archaius.go:188 config value after change edged.cluster-domain | 
2019-10-16 13:51:08.855 +00:00 DEBUG go-archaius/archaius.go:188 config value after change edgehub.controller.node-id | fb4ebb70-2783-42b8-b3ef-63e2fd6d242e
2019-10-16 13:51:08.855 +00:00 DEBUG go-archaius/archaius.go:188 config value after change edged.hostname-override | fb4ebb70-2783-42b8-b3ef-63e2fd6d242e
2019-10-16 13:51:08.855 +00:00 DEBUG go-archaius/archaius.go:188 config value after change edged.gpu-plugin-enabled | %!s(bool=false)
2019-10-16 13:51:08.856 +00:00 DEBUG go-archaius/archaius.go:188 config value after change edged.image-gc-high-threshold | %!s(int=80)
2019-10-16 13:51:08.856 +00:00 DEBUG go-archaius/archaius.go:188 config value after change edgehub.websocket.url | wss://0.0.0.0:10000/e632aba927ea4ac2b575ec1603d56f10/fb4ebb70-2783-42b8-b3ef-63e2fd6d242e/events
2019-10-16 13:51:08.856 +00:00 DEBUG config-manager/configurationmanager.go:391 EventReceived &{FileSource CREATE loggerLevel DEBUG}
2019-10-16 13:51:08.856 +00:00 DEBUG go-archaius/archaius.go:188 config value after change mesh.loadbalance.strategy-name | RoundRobin
2019-10-16 13:51:08.856 +00:00 DEBUG event-system/eventsystem.go:115 event generated for a*
2019-10-16 13:51:08.857 +00:00 DEBUG go-archaius/archaius.go:188 config value after change edged.remote-image-endpoint | unix:///var/run/dockershim.sock
2019-10-16 13:51:08.857 +00:00 DEBUG go-archaius/archaius.go:188 config value after change edgehub.controller.heartbeat | %!s(int=15)
2019-10-16 13:51:08.857 +00:00 DEBUG go-archaius/archaius.go:188 config value after change loggerLevel | DEBUG
2019-10-16 13:51:08.857 +00:00 DEBUG config-manager/configurationmanager.go:391 EventReceived &{FileSource CREATE enableRsyslog %!s(bool=false)}
2019-10-16 13:51:08.854 +00:00 DEBUG go-archaius/archaius.go:188 config value after change edged.interface-name | eth0
2019-10-16 13:51:08.858 +00:00 DEBUG event-system/eventsystem.go:115 event generated for a*
2019-10-16 13:51:08.858 +00:00 DEBUG config-manager/configurationmanager.go:391 EventReceived &{FileSource CREATE logFormatText %!s(bool=true)}
2019-10-16 13:51:08.858 +00:00 DEBUG event-system/eventsystem.go:115 event generated for a*
2019-10-16 13:51:08.858 +00:00 DEBUG config-manager/configurationmanager.go:391 EventReceived &{FileSource CREATE writers [stdout]}
2019-10-16 13:51:08.859 +00:00 DEBUG event-system/eventsystem.go:115 event generated for a*
2019-10-16 13:51:08.860 +00:00 DEBUG go-archaius/archaius.go:188 config value after change writers | [stdout]
2019-10-16 13:51:08.861 +00:00 DEBUG go-archaius/archaius.go:188 config value after change enableRsyslog | %!s(bool=false)
2019-10-16 13:51:08.862 +00:00 DEBUG config-manager/configurationmanager.go:391 EventReceived &{FileSource CREATE modules.enabled [eventbus servicebus websocket metaManager edged twin dbTest edgemesh]}
2019-10-16 13:51:08.862 +00:00 DEBUG go-archaius/archaius.go:188 config value after change logFormatText | %!s(bool=true)
2019-10-16 13:51:08.862 +00:00 DEBUG event-system/eventsystem.go:115 event generated for a*
2019-10-16 13:51:08.862 +00:00 DEBUG go-archaius/archaius.go:188 config value after change modules.enabled | [eventbus servicebus websocket metaManager edged twin dbTest edgemesh]
2019-10-16 13:51:09.041 +00:00 [0;34mINFO[0m client/client_plugins.go:24 Install client plugin, protocol: rest
2019-10-16 13:51:09.042 +00:00 [0;34mINFO[0m registry/discovery.go:18 Installed service discovery plugin: edge
I1016 13:51:09.043146    1852 server.go:49] Version: v0.0.0-master+$Format:%h$
I1016 13:51:09.043329    1852 sql.go:20] Begin to register twin model
I1016 13:51:09.043710    1852 db.go:37] DB meta for module twin has been registered
I1016 13:51:09.044161    1852 db.go:37] DB meta for module twin has been registered
I1016 13:51:09.044790    1852 db.go:37] DB meta for module twin has been registered
2019-10-16 13:51:09.044 +00:00 [0;34mINFO[0m core/module.go:41 module twin registered
I1016 13:51:09.045805    1852 client.go:75] Connecting to docker on unix:///var/run/docker.sock
I1016 13:51:09.045949    1852 client.go:104] Start docker client with request timeout=0s
E1016 13:51:09.048456    1852 edged.go:272] init new edged error, failed to get docker version: Cannot connect to the Docker daemon at unix:///var/run/docker.sock. Is the docker daemon running?
2019-10-16 13:51:09.048 +00:00 [0;34mINFO[0m core/module.go:41 module websocket registered
2019-10-16 13:51:09.048 +00:00 [0;34mINFO[0m core/module.go:41 module eventbus registered
2019-10-16 13:51:09.048 +00:00 [0;34mINFO[0m core/module.go:41 module edgemesh registered
I1016 13:51:09.049304    1852 db.go:37] DB meta for module metaManager has been registered
2019-10-16 13:51:09.049 +00:00 [0;34mINFO[0m core/module.go:41 module metaManager registered
2019-10-16 13:51:09.049 +00:00 [0;34mINFO[0m core/module.go:41 module servicebus registered
2019-10-16 13:51:09.049 +00:00 [0;34mINFO[0m core/module.go:44 module testManager is not register, please check modules.yaml
table `device` already exists, skip
table `device_attr` already exists, skip
table `device_twin` already exists, skip
table `meta` already exists, skip
2019-10-16 13:51:09.057 +00:00 [0;34mINFO[0m core/core.go:23 starting module servicebus
2019-10-16 13:51:09.058 +00:00 [0;34mINFO[0m core/core.go:23 starting module twin
I1016 13:51:09.058635    1852 dtcontroller.go:185] Begin to sync sqlite 
2019-10-16 13:51:09.058 +00:00 [0;34mINFO[0m core/core.go:23 starting module websocket
2019-10-16 13:51:09.059 +00:00 [0;34mINFO[0m core/core.go:23 starting module eventbus
I1016 13:51:09.060216    1852 server.go:126] Subscribe internal topic to $hw/events/upload/#
I1016 13:51:09.060335    1852 server.go:126] Subscribe internal topic to $hw/events/device/+/state/update
I1016 13:51:09.060405    1852 server.go:126] Subscribe internal topic to $hw/events/device/+/twin/+
I1016 13:51:09.060479    1852 server.go:126] Subscribe internal topic to $hw/events/node/+/membership/get
I1016 13:51:09.060547    1852 server.go:126] Subscribe internal topic to SYS/dis/upload_records
I1016 13:51:09.061535    1852 websocket.go:48] Websocket start to connect Access
E1016 13:51:09.061775    1852 websocket.go:51] Failed to load x509 key pair: open /etc/kubeedge/certs/edge.crt: no such file or directory
E1016 13:51:09.061884    1852 controller.go:81] connection error, try again after 60s: failed to load x509 key pair, error: open /etc/kubeedge/certs/edge.crt: no such file or directory
2019-10-16 13:51:09.062 +00:00 DEBUG loadbalancer/strategy.go:23 Installed strategy plugin: RoundRobin.
E1016 13:51:09.063070    1852 tcp.go:21] TCP server start error : route ip+net: no such network interface
E1016 13:51:09.063191    1852 dns.go:87] Dns server Start error : route ip+net: no such network interface
2019-10-16 13:51:09.061 +00:00 [0;34mINFO[0m core/core.go:23 starting module edgemesh
W1016 13:51:09.065907    1852 proxy.go:78] [L4 Proxy] create Device is failed : operation not supported
2019-10-16 13:51:09.070 +00:00 [0;34mINFO[0m core/core.go:23 starting module metaManager
W1016 13:51:11.067566    1852 proxy.go:78] [L4 Proxy] create Device is failed : operation not supported
W1016 13:51:13.070538    1852 proxy.go:78] [L4 Proxy] create Device is failed : operation not supported
W1016 13:51:15.071747    1852 proxy.go:78] [L4 Proxy] create Device is failed : operation not supported
W1016 13:51:17.073396    1852 proxy.go:78] [L4 Proxy] create Device is failed : operation not supported
W1016 13:51:19.075329    1852 proxy.go:78] [L4 Proxy] create Device is failed : operation not supported
W1016 13:51:21.076926    1852 proxy.go:78] [L4 Proxy] create Device is failed : operation not supported
W1016 13:51:23.078503    1852 proxy.go:78] [L4 Proxy] create Device is failed : operation not supported
W1016 13:51:25.080181    1852 proxy.go:78] [L4 Proxy] create Device is failed : operation not supported
W1016 13:51:27.081998    1852 proxy.go:78] [L4 Proxy] create Device is failed : operation not supported
W1016 13:51:29.083930    1852 proxy.go:78] [L4 Proxy] create Device is failed : operation not supported
W1016 13:51:31.085562    1852 proxy.go:78] [L4 Proxy] create Device is failed : operation not supported
W1016 13:51:33.087236    1852 proxy.go:78] [L4 Proxy] create Device is failed : operation not supported
W1016 13:51:35.088939    1852 proxy.go:78] [L4 Proxy] create Device is failed : operation not supported
W1016 13:51:37.090664    1852 proxy.go:78] [L4 Proxy] create Device is failed : operation not supported
W1016 13:51:39.091839    1852 proxy.go:78] [L4 Proxy] create Device is failed : operation not supported
W1016 13:51:41.093394    1852 proxy.go:78] [L4 Proxy] create Device is failed : operation not supported
W1016 13:51:43.095055    1852 proxy.go:78] [L4 Proxy] create Device is failed : operation not supported
W1016 13:51:45.096775    1852 proxy.go:78] [L4 Proxy] create Device is failed : operation not supported
W1016 13:51:47.098408    1852 proxy.go:78] [L4 Proxy] create Device is failed : operation not supported
W1016 13:51:49.100130    1852 proxy.go:78] [L4 Proxy] create Device is failed : operation not supported
W1016 13:51:51.101784    1852 proxy.go:78] [L4 Proxy] create Device is failed : operation not supported
W1016 13:51:53.103337    1852 proxy.go:78] [L4 Proxy] create Device is failed : operation not supported
W1016 13:51:55.104908    1852 proxy.go:78] [L4 Proxy] create Device is failed : operation not supported
W1016 13:51:57.106540    1852 proxy.go:78] [L4 Proxy] create Device is failed : operation not supported
W1016 13:51:59.108174    1852 proxy.go:78] [L4 Proxy] create Device is failed : operation not supported
W1016 13:52:01.109805    1852 proxy.go:78] [L4 Proxy] create Device is failed : operation not supported
W1016 13:52:03.111350    1852 proxy.go:78] [L4 Proxy] create Device is failed : operation not supported
W1016 13:52:05.113059    1852 proxy.go:78] [L4 Proxy] create Device is failed : operation not supported
W1016 13:52:07.114726    1852 proxy.go:78] [L4 Proxy] create Device is failed : operation not supported
I1016 13:52:09.061183    1852 dtcontext.go:84] MemModule is healthy 1571233929
I1016 13:52:09.061187    1852 dtcontext.go:84] TwinModule is healthy 1571233929
I1016 13:52:09.061315    1852 dtcontext.go:84] DeviceModule is healthy 1571233929
I1016 13:52:09.061184    1852 dtcontext.go:84] CommModule is healthy 1571233929
I1016 13:52:09.062205    1852 websocket.go:48] Websocket start to connect Access
E1016 13:52:09.062359    1852 websocket.go:51] Failed to load x509 key pair: open /etc/kubeedge/certs/edge.crt: no such file or directory
E1016 13:52:09.062456    1852 controller.go:81] connection error, try again after 60s: failed to load x509 key pair, error: open /etc/kubeedge/certs/edge.crt: no such file or directory
I1016 13:52:09.071942    1852 msg_processor.go:634] get a message {Header:{ID:79a20282-426f-4e9f-a91e-1a881905f908 ParentID: Timestamp:1571233929071 Sync:false} Router:{Source:metaManager Group:resource Operation:meta-internal-sync Resource:podstatus} Content:<nil>}
I1016 13:52:09.072385    1852 msg_processor.go:481] start to sync pod status
I1016 13:52:09.073896    1852 msg_processor.go:488] list pod status, no record, skip sync
W1016 13:52:09.116315    1852 proxy.go:78] [L4 Proxy] create Device is failed : operation not supported
W1016 13:52:11.117966    1852 proxy.go:78] [L4 Proxy] create Device is failed : operation not supported
W1016 13:52:13.119652    1852 proxy.go:78] [L4 Proxy] create Device is failed : operation not supported
W1016 13:52:15.121286    1852 proxy.go:78] [L4 Proxy] create Device is failed : operation not supported
W1016 13:52:17.122956    1852 proxy.go:78] [L4 Proxy] create Device is failed : operation not supported
W1016 13:52:19.124637    1852 proxy.go:78] [L4 Proxy] create Device is failed : operation not supported
W1016 13:52:21.126278    1852 proxy.go:78] [L4 Proxy] create Device is failed : operation not supported
